# JRE version: OpenJDK Runtime Environment Temurin-17.0.1+12 (17.0.1+12) (build 17.0.1+12)
# Java VM: OpenJDK 64-Bit Server VM Temurin-17.0.1+12 (17.0.1+12, mixed mode, tiered, compressed oops, compressed class ptrs, g1 gc, windows-amd64)
GC Precious Log:
 CPUs: 2 total, 2 available
 Memory: 4001M
 Large Page Support: Disabled
 NUMA Support: Disabled
 Compressed Oops: Enabled (32-bit)
 Heap Region Size: 1M
 Heap Min Capacity: 8M
 Heap Initial Capacity: 64M
 Heap Max Capacity: 1002M
 Pre-touch: Disabled
 Parallel Workers: 2
 Concurrent Workers: 1
 Concurrent Refinement Workers: 2
 Periodic GC: Disabled
Heap:
 garbage-first heap   total 55296K, used 37129K [0x00000000c1600000, 0x0000000100000000)
  region size 1024K, 16 young (16384K), 1 survivors (1024K)
 Metaspace       used 60158K, committed 60608K, reserved 1105920K
  class space    used 7652K, committed 7872K, reserved 1048576K
GC Heap History (20 events):
Event: 1608.462 GC heap before
{Heap before GC invocations=22 (full 0):
 garbage-first heap   total 55296K, used 23832K [0x00000000c1600000, 0x0000000100000000)
  region size 1024K, 2 young (2048K), 1 survivors (1024K)
 Metaspace       used 60150K, committed 60608K, reserved 1105920K
  class space    used 7652K, committed 7872K, reserved 1048576K
}
Event: 1608.482 GC heap after
{Heap after GC invocations=23 (full 0):
 garbage-first heap   total 55296K, used 22786K [0x00000000c1600000, 0x0000000100000000)
  region size 1024K, 1 young (1024K), 1 survivors (1024K)
 Metaspace       used 60150K, committed 60608K, reserved 1105920K
  class space    used 7652K, committed 7872K, reserved 1048576K
}
Event: 1681.714 GC heap before
{Heap before GC invocations=23 (full 0):
 garbage-first heap   total 55296K, used 23810K [0x00000000c1600000, 0x0000000100000000)
  region size 1024K, 2 young (2048K), 1 survivors (1024K)
 Metaspace       used 60150K, committed 60608K, reserved 1105920K
  class space    used 7652K, committed 7872K, reserved 1048576K
}
Event: 1681.740 GC heap after
{Heap after GC invocations=24 (full 0):
 garbage-first heap   total 55296K, used 22784K [0x00000000c1600000, 0x0000000100000000)
  region size 1024K, 1 young (1024K), 1 survivors (1024K)
 Metaspace       used 60150K, committed 60608K, reserved 1105920K
  class space    used 7652K, committed 7872K, reserved 1048576K
}
Event: 1755.663 GC heap before
{Heap before GC invocations=24 (full 0):
 garbage-first heap   total 55296K, used 23808K [0x00000000c1600000, 0x0000000100000000)
  region size 1024K, 2 young (2048K), 1 survivors (1024K)
 Metaspace       used 60150K, committed 60608K, reserved 1105920K
  class space    used 7652K, committed 7872K, reserved 1048576K
}
Event: 1755.700 GC heap after
{Heap after GC invocations=25 (full 0):
 garbage-first heap   total 55296K, used 22781K [0x00000000c1600000, 0x0000000100000000)
  region size 1024K, 1 young (1024K), 1 survivors (1024K)
 Metaspace       used 60150K, committed 60608K, reserved 1105920K
  class space    used 7652K, committed 7872K, reserved 1048576K
}
Event: 1823.284 GC heap before
{Heap before GC invocations=25 (full 0):
 garbage-first heap   total 55296K, used 23805K [0x00000000c1600000, 0x0000000100000000)
  region size 1024K, 2 young (2048K), 1 survivors (1024K)
 Metaspace       used 60152K, committed 60608K, reserved 1105920K
  class space    used 7652K, committed 7872K, reserved 1048576K
}
Event: 1823.326 GC heap after
{Heap after GC invocations=26 (full 0):
 garbage-first heap   total 55296K, used 22788K [0x00000000c1600000, 0x0000000100000000)
  region size 1024K, 1 young (1024K), 1 survivors (1024K)
 Metaspace       used 60152K, committed 60608K, reserved 1105920K
  class space    used 7652K, committed 7872K, reserved 1048576K
}
Event: 1896.187 GC heap before
{Heap before GC invocations=26 (full 0):
 garbage-first heap   total 55296K, used 23812K [0x00000000c1600000, 0x0000000100000000)
  region size 1024K, 2 young (2048K), 1 survivors (1024K)
 Metaspace       used 60152K, committed 60608K, reserved 1105920K
  class space    used 7652K, committed 7872K, reserved 1048576K
}
Event: 1896.234 GC heap after
{Heap after GC invocations=27 (full 0):
 garbage-first heap   total 55296K, used 22796K [0x00000000c1600000, 0x0000000100000000)
  region size 1024K, 1 young (1024K), 1 survivors (1024K)
 Metaspace       used 60152K, committed 60608K, reserved 1105920K
  class space    used 7652K, committed 7872K, reserved 1048576K
}
Event: 1970.228 GC heap before
{Heap before GC invocations=27 (full 0):
 garbage-first heap   total 55296K, used 23820K [0x00000000c1600000, 0x0000000100000000)
  region size 1024K, 2 young (2048K), 1 survivors (1024K)
 Metaspace       used 60152K, committed 60608K, reserved 1105920K
  class space    used 7652K, committed 7872K, reserved 1048576K
}
Event: 1970.245 GC heap after
{Heap after GC invocations=28 (full 0):
 garbage-first heap   total 55296K, used 22788K [0x00000000c1600000, 0x0000000100000000)
  region size 1024K, 1 young (1024K), 1 survivors (1024K)
 Metaspace       used 60152K, committed 60608K, reserved 1105920K
  class space    used 7652K, committed 7872K, reserved 1048576K
}
Event: 2044.779 GC heap before
{Heap before GC invocations=28 (full 0):
 garbage-first heap   total 55296K, used 23812K [0x00000000c1600000, 0x0000000100000000)
  region size 1024K, 2 young (2048K), 1 survivors (1024K)
 Metaspace       used 60153K, committed 60608K, reserved 1105920K
  class space    used 7652K, committed 7872K, reserved 1048576K
}
Event: 2044.783 GC heap after
{Heap after GC invocations=29 (full 0):
 garbage-first heap   total 55296K, used 22797K [0x00000000c1600000, 0x0000000100000000)
  region size 1024K, 1 young (1024K), 1 survivors (1024K)
 Metaspace       used 60153K, committed 60608K, reserved 1105920K
  class space    used 7652K, committed 7872K, reserved 1048576K
}
Event: 2119.544 GC heap before
{Heap before GC invocations=29 (full 0):
 garbage-first heap   total 55296K, used 23821K [0x00000000c1600000, 0x0000000100000000)
  region size 1024K, 2 young (2048K), 1 survivors (1024K)
 Metaspace       used 60153K, committed 60608K, reserved 1105920K
  class space    used 7652K, committed 7872K, reserved 1048576K
}
Event: 2119.548 GC heap after
{Heap after GC invocations=30 (full 0):
 garbage-first heap   total 55296K, used 22788K [0x00000000c1600000, 0x0000000100000000)
  region size 1024K, 1 young (1024K), 1 survivors (1024K)
 Metaspace       used 60153K, committed 60608K, reserved 1105920K
  class space    used 7652K, committed 7872K, reserved 1048576K
}
Event: 2193.343 GC heap before
{Heap before GC invocations=30 (full 0):
 garbage-first heap   total 55296K, used 23812K [0x00000000c1600000, 0x0000000100000000)
  region size 1024K, 2 young (2048K), 1 survivors (1024K)
 Metaspace       used 60153K, committed 60608K, reserved 1105920K
  class space    used 7652K, committed 7872K, reserved 1048576K
}
Event: 2193.346 GC heap after
{Heap after GC invocations=31 (full 0):
 garbage-first heap   total 55296K, used 22787K [0x00000000c1600000, 0x0000000100000000)
  region size 1024K, 1 young (1024K), 1 survivors (1024K)
 Metaspace       used 60153K, committed 60608K, reserved 1105920K
  class space    used 7652K, committed 7872K, reserved 1048576K
}
Event: 2268.184 GC heap before
{Heap before GC invocations=31 (full 0):
 garbage-first heap   total 55296K, used 23811K [0x00000000c1600000, 0x0000000100000000)
  region size 1024K, 2 young (2048K), 1 survivors (1024K)
 Metaspace       used 60153K, committed 60608K, reserved 1105920K
  class space    used 7652K, committed 7872K, reserved 1048576K
}
Event: 2268.197 GC heap after
{Heap after GC invocations=32 (full 0):
 garbage-first heap   total 55296K, used 22793K [0x00000000c1600000, 0x0000000100000000)
  region size 1024K, 1 young (1024K), 1 survivors (1024K)
 Metaspace       used 60153K, committed 60608K, reserved 1105920K
  class space    used 7652K, committed 7872K, reserved 1048576K
}

